<?xml version="1.0" encoding="UTF-8"?>
<!-- Generated by org.testng.reporters.JUnitReportReporter -->
<testsuite hostname="LAPTOP-BK4MAGLA" failures="0" tests="1" name="testNGExecution.Test2" time="8.861" errors="0" timestamp="2023-07-18T17:31:53 IST" skipped="0">
  <testcase classname="testNGExecution.Test2" name="test2Method" time="8.861">
    <system-out>
      <![CDATA[This is a Test2 class]]>
    </system-out>
  </testcase> <!-- test2Method -->
  <system-out>
    <![CDATA[This is a Test1 class
This is a Test2 class
This is a Test3 class]]>
  </system-out>
</testsuite> <!-- testNGExecution.Test2 -->
