<?xml version="1.0" encoding="UTF-8"?>
<!-- Generated by org.testng.reporters.JUnitReportReporter -->
<testsuite hostname="LAPTOP-BK4MAGLA" failures="0" tests="2" name="testNGExecution.SelectBrowser" time="9.407" errors="0" timestamp="2023-07-19T17:37:24 IST" skipped="0">
  <testcase classname="testNGExecution.SelectBrowser" name="chromeMethod" time="6.751"/>
  <testcase classname="testNGExecution.SelectBrowser" name="chromeMethod" time="2.656"/>
</testsuite> <!-- testNGExecution.SelectBrowser -->
