<?xml version="1.0" encoding="UTF-8"?>
<!-- Generated by org.testng.reporters.JUnitReportReporter -->
<testsuite hostname="LAPTOP-BK4MAGLA" failures="0" tests="2" name="testNGpack2.Demo2" time="0.005" errors="0" timestamp="2023-07-18T17:29:07 IST" skipped="0">
  <testcase classname="testNGpack2.Demo2" name="methhod3" time="0.002">
    <system-out>
      <![CDATA[This is method3]]>
    </system-out>
  </testcase> <!-- methhod3 -->
  <testcase classname="testNGpack2.Demo2" name="method4" time="0.003">
    <system-out>
      <![CDATA[This is methhod4]]>
    </system-out>
  </testcase> <!-- method4 -->
  <system-out>
    <![CDATA[This is method4
This is methhod6
This is method3
This is methhod4
This is methhod1
This is methhod2]]>
  </system-out>
</testsuite> <!-- testNGpack2.Demo2 -->
