<?xml version="1.0" encoding="UTF-8"?>
<!-- Generated by org.testng.reporters.JUnitReportReporter -->
<testsuite hostname="LAPTOP-BK4MAGLA" failures="0" tests="18" name="testNGAnnotations_flags.Flag6" time="0.017" errors="0" timestamp="2023-07-22T17:27:02 IST" skipped="0">
  <testcase classname="testNGAnnotations_flags.Flag6" name="ft1" time="0.006">
    <system-out>
      <![CDATA[Functional Testcase1]]>
    </system-out>
  </testcase> <!-- ft1 -->
  <testcase classname="testNGAnnotations_flags.Flag6" name="st1" time="0.002">
    <system-out>
      <![CDATA[Smoke Testcase1]]>
    </system-out>
  </testcase> <!-- st1 -->
  <testcase classname="testNGAnnotations_flags.Flag6" name="it3" time="0.001">
    <system-out>
      <![CDATA[Integration Testcase3]]>
    </system-out>
  </testcase> <!-- it3 -->
  <testcase classname="testNGAnnotations_flags.Flag6" name="it5" time="0.000">
    <system-out>
      <![CDATA[Integration Testcase5]]>
    </system-out>
  </testcase> <!-- it5 -->
  <testcase classname="testNGAnnotations_flags.Flag6" name="ft2" time="0.000">
    <system-out>
      <![CDATA[Functional Testcase2]]>
    </system-out>
  </testcase> <!-- ft2 -->
  <testcase classname="testNGAnnotations_flags.Flag6" name="ft5" time="0.000">
    <system-out>
      <![CDATA[Functional Testcase5]]>
    </system-out>
  </testcase> <!-- ft5 -->
  <testcase classname="testNGAnnotations_flags.Flag6" name="ft4" time="0.001">
    <system-out>
      <![CDATA[Functional Testcase4]]>
    </system-out>
  </testcase> <!-- ft4 -->
  <testcase classname="testNGAnnotations_flags.Flag6" name="st2" time="0.001">
    <system-out>
      <![CDATA[Smoke Testcase2]]>
    </system-out>
  </testcase> <!-- st2 -->
  <testcase classname="testNGAnnotations_flags.Flag6" name="it4" time="0.000">
    <system-out>
      <![CDATA[Integration Testcase4]]>
    </system-out>
  </testcase> <!-- it4 -->
  <testcase classname="testNGAnnotations_flags.Flag6" name="st4" time="0.001">
    <system-out>
      <![CDATA[Smoke Testcase4]]>
    </system-out>
  </testcase> <!-- st4 -->
  <testcase classname="testNGAnnotations_flags.Flag6" name="it6" time="0.000">
    <system-out>
      <![CDATA[Integration Testcase6]]>
    </system-out>
  </testcase> <!-- it6 -->
  <testcase classname="testNGAnnotations_flags.Flag6" name="it1" time="0.001">
    <system-out>
      <![CDATA[Integration Testcase1]]>
    </system-out>
  </testcase> <!-- it1 -->
  <testcase classname="testNGAnnotations_flags.Flag6" name="ft6" time="0.001">
    <system-out>
      <![CDATA[Functional Testcase6]]>
    </system-out>
  </testcase> <!-- ft6 -->
  <testcase classname="testNGAnnotations_flags.Flag6" name="it2" time="0.001">
    <system-out>
      <![CDATA[Integration Testcase2]]>
    </system-out>
  </testcase> <!-- it2 -->
  <testcase classname="testNGAnnotations_flags.Flag6" name="st3" time="0.001">
    <system-out>
      <![CDATA[Smoke Testcase3]]>
    </system-out>
  </testcase> <!-- st3 -->
  <testcase classname="testNGAnnotations_flags.Flag6" name="st5" time="0.000">
    <system-out>
      <![CDATA[Smoke Testcase5]]>
    </system-out>
  </testcase> <!-- st5 -->
  <testcase classname="testNGAnnotations_flags.Flag6" name="st6" time="0.000">
    <system-out>
      <![CDATA[Smoke Testcase6]]>
    </system-out>
  </testcase> <!-- st6 -->
  <testcase classname="testNGAnnotations_flags.Flag6" name="ft3" time="0.001">
    <system-out>
      <![CDATA[Functional Testcase3]]>
    </system-out>
  </testcase> <!-- ft3 -->
  <system-out>
    <![CDATA[Functional Testcase1
Functional Testcase2
Functional Testcase3
Functional Testcase4
Functional Testcase5
Functional Testcase6
Integration Testcase1
Integration Testcase2
Integration Testcase3
Integration Testcase4
Integration Testcase5
Integration Testcase6
Smoke Testcase1
Smoke Testcase2
Smoke Testcase3
Smoke Testcase4
Smoke Testcase5
Smoke Testcase6]]>
  </system-out>
</testsuite> <!-- testNGAnnotations_flags.Flag6 -->
