<?xml version="1.0" encoding="UTF-8"?>
<!-- Generated by org.testng.reporters.JUnitReportReporter -->
<testsuite hostname="LAPTOP-BK4MAGLA" failures="0" tests="1" name="testNG.Demo" time="0.002" errors="0" timestamp="2023-07-18T17:25:24 IST" skipped="0">
  <testcase classname="testNG.Demo" name="f" time="0.002">
    <system-out>
      <![CDATA[This the demo class]]>
    </system-out>
  </testcase> <!-- f -->
  <system-out>
    <![CDATA[This is a Sumo class of testNG
This is a Sumo-1 class of testNG
This is Remo class of testNG
This the demo class]]>
  </system-out>
</testsuite> <!-- testNG.Demo -->
