<?xml version="1.0" encoding="UTF-8"?>
<!-- Generated by org.testng.reporters.JUnitReportReporter -->
<testsuite hostname="LAPTOP-BK4MAGLA" failures="0" tests="8" name="testNGAnnotations_flags.Flag4" time="0.016" errors="0" timestamp="2023-07-22T16:49:28 IST" skipped="0">
  <testcase classname="testNGAnnotations_flags.Flag4" name="p" time="0.001"/>
  <testcase classname="testNGAnnotations_flags.Flag4" name="v" time="0.001"/>
  <testcase classname="testNGAnnotations_flags.Flag4" name="d" time="0.010"/>
  <testcase classname="testNGAnnotations_flags.Flag4" name="f" time="0.001"/>
  <testcase classname="testNGAnnotations_flags.Flag4" name="e" time="0.001"/>
  <testcase classname="testNGAnnotations_flags.Flag4" name="m" time="0.001"/>
  <testcase classname="testNGAnnotations_flags.Flag4" name="n" time="0.001"/>
  <testcase classname="testNGAnnotations_flags.Flag4" name="s" time="0.000"/>
</testsuite> <!-- testNGAnnotations_flags.Flag4 -->
