<?xml version="1.0" encoding="UTF-8"?>
<!-- Generated by org.testng.reporters.JUnitReportReporter -->
<testsuite hostname="LAPTOP-BK4MAGLA" failures="0" tests="3" name="testNGAnnotations_flags.Flag5" time="0.013" errors="0" timestamp="2023-07-22T16:54:43 IST" skipped="0">
  <testcase classname="testNGAnnotations_flags.Flag5" name="createUserMethod" time="0.002"/>
  <testcase classname="testNGAnnotations_flags.Flag5" name="logoutMethod" time="0.002"/>
  <testcase classname="testNGAnnotations_flags.Flag5" name="loginMethod" time="0.009"/>
</testsuite> <!-- testNGAnnotations_flags.Flag5 -->
