<?xml version="1.0" encoding="UTF-8"?>
<!-- Generated by org.testng.reporters.JUnitReportReporter -->
<testsuite hostname="LAPTOP-BK4MAGLA" failures="0" tests="5" name="testNGAnnotations_flags.ActiTimeDataProvider" time="8.283" errors="0" timestamp="2023-07-27T15:13:47 IST" skipped="0">
  <testcase classname="testNGAnnotations_flags.ActiTimeDataProvider" name="invalidLoginMethod" time="1.377"/>
  <testcase classname="testNGAnnotations_flags.ActiTimeDataProvider" name="invalidLoginMethod" time="2.639"/>
  <testcase classname="testNGAnnotations_flags.ActiTimeDataProvider" name="invalidLoginMethod" time="1.435"/>
  <testcase classname="testNGAnnotations_flags.ActiTimeDataProvider" name="invalidLoginMethod" time="1.412"/>
  <testcase classname="testNGAnnotations_flags.ActiTimeDataProvider" name="invalidLoginMethod" time="1.420"/>
</testsuite> <!-- testNGAnnotations_flags.ActiTimeDataProvider -->
