<?xml version="1.0" encoding="UTF-8"?>
<!-- Generated by org.testng.reporters.JUnitReportReporter -->
<testsuite hostname="LAPTOP-BK4MAGLA" failures="0" tests="2" name="testNGExecution.TestMethod3" time="0.024" errors="0" timestamp="2023-07-18T17:34:34 IST" skipped="0">
  <testcase classname="testNGExecution.TestMethod3" name="testMethod6" time="0.012">
    <system-out>
      <![CDATA[Thread id of method2:25]]>
    </system-out>
  </testcase> <!-- testMethod6 -->
  <testcase classname="testNGExecution.TestMethod3" name="testMethod5" time="0.012">
    <system-out>
      <![CDATA[Thread id of method1:24]]>
    </system-out>
  </testcase> <!-- testMethod5 -->
  <system-out>
    <![CDATA[Thread id of method1:22
Thread id of method2:23
Thread id of method3:26
Thread id of method1:24
Thread id of method2:25
Thread id of method4:23]]>
  </system-out>
</testsuite> <!-- testNGExecution.TestMethod3 -->
