<?xml version="1.0" encoding="UTF-8"?>
<!-- Generated by org.testng.reporters.JUnitReportReporter -->
<testsuite hostname="LAPTOP-BK4MAGLA" failures="0" tests="2" name="testNGpack2.Demo3" time="0.012" errors="0" timestamp="2023-07-18T17:29:07 IST" skipped="0">
  <testcase classname="testNGpack2.Demo3" name="method6" time="0.002">
    <system-out>
      <![CDATA[This is methhod6]]>
    </system-out>
  </testcase> <!-- method6 -->
  <testcase classname="testNGpack2.Demo3" name="method5" time="0.010">
    <system-out>
      <![CDATA[This is method4]]>
    </system-out>
  </testcase> <!-- method5 -->
  <system-out>
    <![CDATA[This is method4
This is methhod6
This is method3
This is methhod4
This is methhod1
This is methhod2]]>
  </system-out>
</testsuite> <!-- testNGpack2.Demo3 -->
