<?xml version="1.0" encoding="UTF-8"?>
<!-- Generated by org.testng.reporters.JUnitReportReporter -->
<testsuite hostname="LAPTOP-BK4MAGLA" failures="0" tests="2" name="testNGAnnotations_flags.AnnotationClass" time="0.009" errors="0" timestamp="2023-07-19T15:45:42 IST" skipped="0">
  <testcase classname="testNGAnnotations_flags.AnnotationClass" name="method10" time="0.002">
    <system-out>
      <![CDATA[This is method10 of testAnnotation]]>
    </system-out>
  </testcase> <!-- method10 -->
  <testcase classname="testNGAnnotations_flags.AnnotationClass" name="method1" time="0.007">
    <system-out>
      <![CDATA[This is method1 of testAnnotation]]>
    </system-out>
  </testcase> <!-- method1 -->
  <system-out>
    <![CDATA[BeforeSuiteAnnotation
BeforeTestAnnotation
BeforeClassAnnotation
BeforeMethodAnnotation
This is method1 of testAnnotation
AfterMethodAnnotation
BeforeMethodAnnotation
This is method10 of testAnnotation
AfterMethodAnnotation
AfterClassAnnotation
AfterTestAnnotation
AfterSuiteAnnotation]]>
  </system-out>
</testsuite> <!-- testNGAnnotations_flags.AnnotationClass -->
