<?xml version="1.0" encoding="UTF-8"?>
<!-- Generated by org.testng.reporters.JUnitReportReporter -->
<testsuite hostname="LAPTOP-BK4MAGLA" failures="0" tests="1" name="testNG.Sumo1" time="4.158" errors="0" timestamp="2023-07-27T16:58:00 IST" skipped="0">
  <testcase classname="testNG.Sumo1" name="method3" time="4.158">
    <system-out>
      <![CDATA[This is a Sumo1 class]]>
    </system-out>
  </testcase> <!-- method3 -->
  <system-out>
    <![CDATA[This is a Remo1 class
This is a Demo1 class
This is a Sumo1 class]]>
  </system-out>
</testsuite> <!-- testNG.Sumo1 -->
