<?xml version="1.0" encoding="UTF-8"?>
<!-- Generated by org.testng.reporters.JUnitReportReporter -->
<testsuite hostname="LAPTOP-BK4MAGLA" failures="0" tests="3" name="testNGAnnotations_flags.GoogleTestCase" time="13.786" errors="0" timestamp="2023-07-27T16:56:36 IST" skipped="0">
  <testcase classname="testNGAnnotations_flags.GoogleTestCase" name="search2" time="4.833"/>
  <testcase classname="testNGAnnotations_flags.GoogleTestCase" name="search3" time="4.740"/>
  <testcase classname="testNGAnnotations_flags.GoogleTestCase" name="search1" time="4.213"/>
</testsuite> <!-- testNGAnnotations_flags.GoogleTestCase -->
