<?xml version="1.0" encoding="UTF-8"?>
<!-- Generated by org.testng.reporters.JUnitReportReporter -->
<testsuite hostname="LAPTOP-BK4MAGLA" failures="0" tests="2" name="testNG.Sumo" time="0.011" errors="0" timestamp="2023-07-18T17:25:24 IST" skipped="0">
  <testcase classname="testNG.Sumo" name="h" time="0.010">
    <system-out>
      <![CDATA[This is a Sumo class of testNG]]>
    </system-out>
  </testcase> <!-- h -->
  <testcase classname="testNG.Sumo" name="i" time="0.001">
    <system-out>
      <![CDATA[This is a Sumo-1 class of testNG]]>
    </system-out>
  </testcase> <!-- i -->
  <system-out>
    <![CDATA[This is a Sumo class of testNG
This is a Sumo-1 class of testNG
This is Remo class of testNG
This the demo class]]>
  </system-out>
</testsuite> <!-- testNG.Sumo -->
