<?xml version="1.0" encoding="UTF-8"?>
<!-- Generated by org.testng.reporters.JUnitReportReporter -->
<testsuite hostname="LAPTOP-BK4MAGLA" failures="0" tests="2" name="testNGAnnotations_flags.Flag2" time="0.011" errors="0" timestamp="2023-07-20T15:28:39 IST" skipped="1">
  <testcase classname="testNGAnnotations_flags.Flag2" name="method1" time="0.011">
    <system-out>
      <![CDATA[Method1 from flag 2]]>
    </system-out>
  </testcase> <!-- method1 -->
  <testcase classname="testNGAnnotations_flags.Flag2" name="method2">
    <skipped/>
  </testcase> <!-- method2 -->
  <system-out>
    <![CDATA[Method1 from flag 2]]>
  </system-out>
</testsuite> <!-- testNGAnnotations_flags.Flag2 -->
