<?xml version="1.0" encoding="UTF-8"?>
<!-- Generated by org.testng.reporters.JUnitReportReporter -->
<testsuite hostname="LAPTOP-BK4MAGLA" failures="0" tests="1" name="testNG.Remo" time="0.001" errors="0" timestamp="2023-07-18T17:25:23 IST" skipped="0">
  <testcase classname="testNG.Remo" name="g" time="0.001">
    <system-out>
      <![CDATA[This is Remo class of testNG]]>
    </system-out>
  </testcase> <!-- g -->
  <system-out>
    <![CDATA[This is a Sumo class of testNG
This is a Sumo-1 class of testNG
This is Remo class of testNG
This the demo class]]>
  </system-out>
</testsuite> <!-- testNG.Remo -->
