<?xml version="1.0" encoding="UTF-8"?>
<!-- Generated by org.testng.reporters.JUnitReportReporter -->
<testsuite hostname="LAPTOP-BK4MAGLA" failures="0" tests="1" name="testNGExecution.Test1" time="6.360" errors="0" timestamp="2023-07-18T17:31:53 IST" skipped="0">
  <testcase classname="testNGExecution.Test1" name="test1Method" time="6.360">
    <system-out>
      <![CDATA[This is a Test1 class]]>
    </system-out>
  </testcase> <!-- test1Method -->
  <system-out>
    <![CDATA[This is a Test1 class
This is a Test2 class
This is a Test3 class]]>
  </system-out>
</testsuite> <!-- testNGExecution.Test1 -->
