<?xml version="1.0" encoding="UTF-8"?>
<!-- Generated by org.testng.reporters.JUnitReportReporter -->
<testsuite hostname="LAPTOP-BK4MAGLA" failures="0" tests="2" name="testNGpack2.Demo1" time="0.003" errors="0" timestamp="2023-07-18T17:29:07 IST" skipped="0">
  <testcase classname="testNGpack2.Demo1" name="method1" time="0.002">
    <system-out>
      <![CDATA[This is methhod1]]>
    </system-out>
  </testcase> <!-- method1 -->
  <testcase classname="testNGpack2.Demo1" name="method2" time="0.001">
    <system-out>
      <![CDATA[This is methhod2]]>
    </system-out>
  </testcase> <!-- method2 -->
  <system-out>
    <![CDATA[This is method4
This is methhod6
This is method3
This is methhod4
This is methhod1
This is methhod2]]>
  </system-out>
</testsuite> <!-- testNGpack2.Demo1 -->
